<?xml version="1.0" encoding="UTF-8"?>
<!-- Generated by org.testng.reporters.JUnitReportReporter -->
<testsuite hostname="DESKTOP-1ICBAAR" failures="0" tests="2" name="tests.HomeTest" time="5.014" errors="0" timestamp="2024-12-02T22:57:55 IST" skipped="0">
  <testcase classname="tests.HomeTest" name="verifyNavigationToBags" time="3.041"/>
  <testcase classname="tests.HomeTest" name="verifyHomePage" time="1.973"/>
</testsuite> <!-- tests.HomeTest -->
