<?xml version="1.0" encoding="UTF-8"?>
<!-- Generated by org.testng.reporters.JUnitReportReporter -->
<testsuite hostname="DESKTOP-1ICBAAR" failures="0" tests="1" name="tests.HomeTest" time="2.614" errors="0" timestamp="2024-12-02T01:34:45 IST" skipped="0">
  <testcase classname="tests.HomeTest" name="verifyHomePage" time="2.614"/>
</testsuite> <!-- tests.HomeTest -->
