<?xml version="1.0" encoding="UTF-8"?>
<!-- Generated by org.testng.reporters.JUnitReportReporter -->
<testsuite hostname="DESKTOP-1ICBAAR" failures="0" tests="1" name="tests.HomeTest" time="2.314" errors="0" timestamp="2024-12-02T00:24:19 IST" skipped="0">
  <testcase classname="tests.HomeTest" name="verifyHomePage" time="2.314"/>
</testsuite> <!-- tests.HomeTest -->
