<?xml version="1.0" encoding="UTF-8"?>
<!-- Generated by org.testng.reporters.JUnitReportReporter -->
<testsuite hostname="DESKTOP-1ICBAAR" failures="0" tests="4" name="tests.RedirectionCheck" time="6.520" errors="0" timestamp="2024-12-02T22:57:55 IST" skipped="0">
  <testcase classname="tests.RedirectionCheck" name="downloadMeesho" time="1.189"/>
  <testcase classname="tests.RedirectionCheck" name="clickCartTest" time="2.815"/>
  <testcase classname="tests.RedirectionCheck" name="clickProfileTest" time="1.243"/>
  <testcase classname="tests.RedirectionCheck" name="clickSignUpTest" time="1.273"/>
</testsuite> <!-- tests.RedirectionCheck -->
